<?xml version="1.0" encoding="UTF-8"?>
<!-- Generated by org.testng.reporters.JUnitReportReporter -->
<testsuite hostname="suvendu-HP-Notebook" failures="0" tests="1" name="Assignment2.Test1" time="20.701" errors="0" timestamp="2020-07-01T21:09:33 IST" skipped="0">
  <testcase classname="Assignment2.Test1" name="launch" time="20.701"/>
  <system-out/>
</testsuite> <!-- Assignment2.Test1 -->
