<?xml version="1.0" encoding="UTF-8"?>
<!-- Generated by org.testng.reporters.JUnitReportReporter -->
<testsuite hostname="suvendu-HP-Notebook" failures="0" tests="5" name="Assignment2.OLayRegistration" time="25.851" errors="0" timestamp="2020-07-22T11:20:17 IST" skipped="0">
  <testcase classname="Assignment2.OLayRegistration" name="PageName" time="0.128"/>
  <system-out/>
  <testcase classname="Assignment2.OLayRegistration" name="AcceptingCookie" time="1.293"/>
  <system-out/>
  <testcase classname="Assignment2.OLayRegistration" name="RejectingAd" time="0.278"/>
  <system-out/>
  <testcase classname="Assignment2.OLayRegistration" name="InvalidRegistration" time="8.655"/>
  <system-out/>
  <testcase classname="Assignment2.OLayRegistration" name="ValidRegistration2" time="15.497"/>
  <system-out/>
</testsuite> <!-- Assignment2.OLayRegistration -->
