<?xml version="1.0" encoding="UTF-8"?>
<!-- Generated by org.testng.reporters.JUnitReportReporter -->
<testsuite hostname="suvendu-HP-Notebook" failures="0" tests="1" name="Assignment1.Droppable" time="0.575" errors="0" timestamp="2020-07-19T19:56:52 IST" skipped="0">
  <testcase classname="Assignment1.Droppable" name="Execution" time="0.575"/>
  <system-out/>
</testsuite> <!-- Assignment1.Droppable -->
