<?xml version="1.0" encoding="UTF-8"?>
<!-- Generated by org.testng.reporters.JUnitReportReporter -->
<testsuite hostname="suvendu-HP-Notebook" failures="0" tests="1" name="Assignment1.ContactForm" time="3.592" errors="0" timestamp="2020-07-21T17:56:38 IST" skipped="0">
  <testcase classname="Assignment1.ContactForm" name="Form" time="3.592"/>
  <system-out/>
</testsuite> <!-- Assignment1.ContactForm -->
