<?xml version="1.0" encoding="UTF-8"?>
<!-- Generated by org.testng.reporters.JUnitReportReporter -->
<testsuite hostname="suvendu-HP-Notebook" failures="0" tests="1" name="Assignment2.Demo" time="0.014" errors="0" timestamp="2020-07-01T20:58:18 IST" skipped="0">
  <testcase classname="Assignment2.Demo" name="config" time="0.014"/>
  <system-out/>
</testsuite> <!-- Assignment2.Demo -->
