<?xml version="1.0" encoding="UTF-8"?>
<!-- Generated by org.testng.reporters.JUnitReportReporter -->
<testsuite hostname="suvendu-HP-Notebook" failures="0" tests="2" name="Assignment1.DateOfBirth" time="1.934" errors="0" timestamp="2020-07-22T16:13:48 IST" skipped="0">
  <testcase classname="Assignment1.DateOfBirth" name="datepicker" time="0.928"/>
  <system-out/>
  <testcase classname="Assignment1.DateOfBirth" name="datepicker2" time="1.006"/>
  <system-out/>
</testsuite> <!-- Assignment1.DateOfBirth -->
