<?xml version="1.0" encoding="UTF-8"?>
<!-- Generated by org.testng.reporters.JUnitReportReporter -->
<testsuite hostname="suvendu-HP-Notebook" failures="0" tests="1" name="Assignment1.SelectMenu" time="0.205" errors="0" timestamp="2020-07-23T10:40:04 IST" skipped="0">
  <testcase classname="Assignment1.SelectMenu" name="select" time="0.205"/>
  <system-out/>
</testsuite> <!-- Assignment1.SelectMenu -->
