<?xml version="1.0" encoding="UTF-8"?>
<!-- Generated by org.testng.reporters.JUnitReportReporter -->
<testsuite hostname="suvendu-HP-Notebook" failures="0" tests="1" name="Assignment1.Selectable" time="10.378" errors="0" timestamp="2020-07-26T18:38:22 IST" skipped="0">
  <testcase classname="Assignment1.Selectable" name="SelectItems" time="10.378"/>
  <system-out/>
</testsuite> <!-- Assignment1.Selectable -->
