<?xml version="1.0" encoding="UTF-8"?>
<!-- Generated by org.testng.reporters.JUnitReportReporter -->
<testsuite hostname="suvendu-HP-Notebook" failures="0" tests="1" name="Assignment2.BaseClass" time="15.379" errors="0" timestamp="2020-07-02T09:36:36 IST" skipped="0">
  <testcase classname="Assignment2.BaseClass" name="SetUpConfiguration" time="15.379"/>
  <system-out>
=====Browser session has started===== =====Application started=====  </system-out>
</testsuite> <!-- Assignment2.BaseClass -->
