<?xml version="1.0" encoding="UTF-8"?>
<!-- Generated by org.testng.reporters.JUnitReportReporter -->
<testsuite hostname="suvendu-HP-Notebook" failures="0" tests="5" name="Assignment3.MakeMyTrip" time="36.191" errors="0" timestamp="2020-07-19T19:28:31 IST" skipped="0">
  <testcase classname="Assignment3.MakeMyTrip" name="SearchFlight" time="9.523"/>
  <system-out/>
  <testcase classname="Assignment3.MakeMyTrip" name="Travellers" time="4.848"/>
  <system-out/>
  <testcase classname="Assignment3.MakeMyTrip" name="Flight" time="7.437"/>
  <system-out/>
  <testcase classname="Assignment3.MakeMyTrip" name="BookFlight" time="10.687"/>
  <system-out/>
  <testcase classname="Assignment3.MakeMyTrip" name="Rewiew" time="3.696"/>
  <system-out/>
</testsuite> <!-- Assignment3.MakeMyTrip -->
