<?xml version="1.0" encoding="UTF-8"?>
<!-- Generated by org.testng.reporters.JUnitReportReporter -->
<testsuite hostname="suvendu-HP-Notebook" failures="0" tests="3" name="Assignment2.OLayRegAndLogin" time="5.730" errors="0" timestamp="2020-07-02T10:50:01 IST" skipped="0">
  <testcase classname="Assignment2.OLayRegAndLogin" name="AcceptingCookie" time="1.509"/>
  <system-out/>
  <testcase classname="Assignment2.OLayRegAndLogin" name="Registration" time="3.724"/>
  <system-out/>
  <testcase classname="Assignment2.OLayRegAndLogin" name="RejectingAd" time="0.497"/>
  <system-out/>
</testsuite> <!-- Assignment2.OLayRegAndLogin -->
