<?xml version="1.0" encoding="UTF-8"?>
<!-- Generated by org.testng.reporters.JUnitReportReporter -->
<testsuite hostname="suvendu-HP-Notebook" failures="0" tests="4" name="Assignment2.OlayInvalidPassword" time="9.888" errors="0" timestamp="2020-07-15T21:10:39 IST" skipped="0">
  <testcase classname="Assignment2.OlayInvalidPassword" name="invalidPasswd" time="8.962"/>
  <system-out/>
  <testcase classname="Assignment2.OlayInvalidPassword" name="AcceptingCookie" time="0.716"/>
  <system-out/>
  <testcase classname="Assignment2.OlayInvalidPassword" name="RejectingAd" time="0.006"/>
  <system-out/>
  <testcase classname="Assignment2.OlayInvalidPassword" name="PageName" time="0.204"/>
  <system-out/>
</testsuite> <!-- Assignment2.OlayInvalidPassword -->
