<?xml version="1.0" encoding="UTF-8"?>
<!-- Generated by org.testng.reporters.JUnitReportReporter -->
<testsuite hostname="suvendu-HP-Notebook" failures="0" tests="1" name="Assignment1.Menu" time="0.448" errors="0" timestamp="2020-07-19T21:04:14 IST" skipped="0">
  <testcase classname="Assignment1.Menu" name="menu" time="0.448"/>
  <system-out/>
</testsuite> <!-- Assignment1.Menu -->
