<?xml version="1.0" encoding="UTF-8"?>
<!-- Generated by org.testng.reporters.JUnitReportReporter -->
<testsuite hostname="suvendu-HP-Notebook" failures="0" tests="4" name="Assignment2.OlayForgotPasswd" time="65.483" errors="0" timestamp="2020-07-15T20:32:01 IST" skipped="0">
  <testcase classname="Assignment2.OlayForgotPasswd" name="forgotPasswd" time="62.842"/>
  <system-out/>
  <testcase classname="Assignment2.OlayForgotPasswd" name="AcceptingCookie" time="2.490"/>
  <system-out/>
  <testcase classname="Assignment2.OlayForgotPasswd" name="RejectingAd" time="0.007"/>
  <system-out/>
  <testcase classname="Assignment2.OlayForgotPasswd" name="PageName" time="0.144"/>
  <system-out/>
</testsuite> <!-- Assignment2.OlayForgotPasswd -->
